[2024-12-24 00:23:24.805] [info] Using configuration file /home/erast/.config/waybar/config
[2024-12-24 00:23:24.806] [info] Unable to receive desktop appearance: GDBus.Error:org.freedesktop.DBus.Error.UnknownMethod: No such interface “org.freedesktop.portal.Settings” on object at path /org/freedesktop/portal/desktop
[2024-12-24 00:23:24.806] [info] Using CSS file /home/erast/.config/waybar/style.css
[2024-12-24 00:23:24.810] [info] Hyprland IPC starting
[2024-12-24 00:23:24.811] [info] Loading persistent workspaces from Hyprland workspace rules
[2024-12-24 00:23:24.843] [warning] Requested height: 34 is less than the minimum height: 38 required by the modules
[2024-12-24 00:23:24.843] [info] Bar configured (width: 1910, height: 38) for output: DP-1
[2024-12-24 00:26:39.356] [info] Hyprland config reloaded, reinitializing hyprland/workspaces module...
[2024-12-24 00:26:39.367] [info] Loading persistent workspaces from Hyprland workspace rules
[2024-12-24 00:26:53.387] [info] Hyprland config reloaded, reinitializing hyprland/workspaces module...
[2024-12-24 00:26:53.390] [info] Loading persistent workspaces from Hyprland workspace rules
[2024-12-24 00:27:38.423] [info] Hyprland config reloaded, reinitializing hyprland/workspaces module...
[2024-12-24 00:27:38.427] [info] Loading persistent workspaces from Hyprland workspace rules
[2024-12-24 00:28:33.451] [info] Hyprland config reloaded, reinitializing hyprland/workspaces module...
[2024-12-24 00:28:33.453] [info] Loading persistent workspaces from Hyprland workspace rules
[2024-12-24 00:29:19.475] [info] Hyprland config reloaded, reinitializing hyprland/workspaces module...
[2024-12-24 00:29:19.477] [info] Loading persistent workspaces from Hyprland workspace rules
[2024-12-24 00:30:27.509] [info] Hyprland config reloaded, reinitializing hyprland/workspaces module...
[2024-12-24 00:30:27.512] [info] Loading persistent workspaces from Hyprland workspace rules
[2024-12-24 00:31:50.532] [info] Hyprland config reloaded, reinitializing hyprland/workspaces module...
[2024-12-24 00:31:50.534] [info] Loading persistent workspaces from Hyprland workspace rules
[2024-12-24 00:32:29.552] [info] Hyprland config reloaded, reinitializing hyprland/workspaces module...
[2024-12-24 00:32:29.555] [info] Loading persistent workspaces from Hyprland workspace rules
[2024-12-24 00:32:48.581] [info] Hyprland config reloaded, reinitializing hyprland/workspaces module...
[2024-12-24 00:32:48.582] [info] Loading persistent workspaces from Hyprland workspace rules
[2024-12-24 00:34:41.606] [info] Hyprland config reloaded, reinitializing hyprland/workspaces module...
[2024-12-24 00:34:41.608] [info] Loading persistent workspaces from Hyprland workspace rules
[2024-12-24 00:35:16.627] [info] Hyprland config reloaded, reinitializing hyprland/workspaces module...
[2024-12-24 00:35:16.629] [info] Loading persistent workspaces from Hyprland workspace rules
[2024-12-24 00:35:41.647] [info] Hyprland config reloaded, reinitializing hyprland/workspaces module...
[2024-12-24 00:35:41.649] [info] Loading persistent workspaces from Hyprland workspace rules
[2024-12-24 00:36:37.668] [info] Hyprland config reloaded, reinitializing hyprland/workspaces module...
[2024-12-24 00:36:37.670] [info] Loading persistent workspaces from Hyprland workspace rules
[2024-12-24 00:49:24.737] [info] Hyprland config reloaded, reinitializing hyprland/workspaces module...
[2024-12-24 00:49:24.752] [info] Loading persistent workspaces from Hyprland workspace rules
[2024-12-24 00:49:46.773] [info] Hyprland config reloaded, reinitializing hyprland/workspaces module...
[2024-12-24 00:49:46.775] [info] Loading persistent workspaces from Hyprland workspace rules
[2024-12-24 00:49:57.805] [info] Hyprland config reloaded, reinitializing hyprland/workspaces module...
[2024-12-24 00:49:57.807] [info] Loading persistent workspaces from Hyprland workspace rules
[2024-12-24 00:50:11.841] [info] Hyprland config reloaded, reinitializing hyprland/workspaces module...
[2024-12-24 00:50:11.844] [info] Loading persistent workspaces from Hyprland workspace rules
[2024-12-24 00:51:46.878] [info] Hyprland config reloaded, reinitializing hyprland/workspaces module...
[2024-12-24 00:51:46.881] [info] Loading persistent workspaces from Hyprland workspace rules
[2024-12-24 00:52:03.899] [info] Hyprland config reloaded, reinitializing hyprland/workspaces module...
[2024-12-24 00:52:03.901] [info] Loading persistent workspaces from Hyprland workspace rules
[2024-12-24 00:52:18.931] [info] Hyprland config reloaded, reinitializing hyprland/workspaces module...
[2024-12-24 00:52:18.933] [info] Loading persistent workspaces from Hyprland workspace rules
[2024-12-24 00:52:30.963] [info] Hyprland config reloaded, reinitializing hyprland/workspaces module...
[2024-12-24 00:52:30.965] [info] Loading persistent workspaces from Hyprland workspace rules
[2024-12-24 00:53:13.986] [info] Hyprland config reloaded, reinitializing hyprland/workspaces module...
[2024-12-24 00:53:14.067] [info] Loading persistent workspaces from Hyprland workspace rules
[2024-12-24 00:54:29.016] [info] Hyprland config reloaded, reinitializing hyprland/workspaces module...
[2024-12-24 00:54:29.018] [info] Loading persistent workspaces from Hyprland workspace rules
